CHI TIẾT NGÀY 01/09/2013 
CHI TIẾT NGÀY 02/09/2013 
CHI TIẾT NGÀY 03/09/2013 
CHI TIẾT NGÀY 04/09/2013 
CHI TIẾT NGÀY 05/09/2013 
CHI TIẾT NGÀY 06/09/2013 
CHI TIẾT NGÀY 07/09/2013 
CHI TIẾT NGÀY 08/09/2013 
CHI TIẾT NGÀY 09/09/2013 
CHI TIẾT NGÀY 10/09/2013 
CHI TIẾT NGÀY 11/09/2013 
CHI TIẾT NGÀY 12/09/2013 
CHI TIẾT NGÀY 13/09/2013 
CHI TIẾT NGÀY 14/09/2013 
CHI TIẾT NGÀY 15/09/2013 
CHI TIẾT NGÀY 16/09/2013 
CHI TIẾT NGÀY 17/09/2013 
CHI TIẾT NGÀY 18/09/2013 
CHI TIẾT NGÀY 19/09/2013 
CHI TIẾT NGÀY 20/09/2013 
CHI TIẾT NGÀY 21/09/2013 
CHI TIẾT NGÀY 22/09/2013 
CHI TIẾT NGÀY 23/09/2013 
CHI TIẾT NGÀY 24/09/2013 
CHI TIẾT NGÀY 25/09/2013 
CHI TIẾT NGÀY 26/09/2013 
CHI TIẾT NGÀY 27/09/2013 
CHI TIẾT NGÀY 28/09/2013 
CHI TIẾT NGÀY 29/09/2013 
	1 
		2013-09-29 22:39:48-Có khách vào 
		2013-09-29 22:39:53-Cập nhật Ca cao đá có 2 
		2013-09-29 22:39:59-In phiếu 
		2013-09-29 22:40:02-In phiếu 
		2013-09-29 22:40:05-Khách tính tiền 
		2013-09-29 22:41:32-Xóa nhật kí 2013-09-29 22:39:48 
CHI TIẾT NGÀY 30/09/2013 
	SV: 19 
		2013-09-30 07:40:41-Có khách vào 
		2013-09-30 14:12:37-In phiếu 
		2013-09-30 14:14:04-Khách tính tiền 
		2013-09-30 19:08:49-Cập nhật Sting dâu có 2 
		2013-09-30 19:08:53-Cập nhật Lipton đá có 2 
		2013-09-30 19:08:53-Thêm 1 Lipton đá 
		2013-09-30 19:08:54-Cập nhật Lipton đá có 3 
		2013-09-30 19:08:54-Cập nhật Lipton đá có 4 
		2013-09-30 19:08:55-Cập nhật Lipton đá có 5 
		2013-09-30 19:38:21-Thêm 1 sinh tố bơ 
		2013-09-30 20:31:57-In phiếu 
		2013-09-30 20:55:48-Khách tính tiền 
		2013-09-30 21:04:25-Có khách vào 
		2013-09-30 21:04:31-Thêm 1 Cafe đá 
		2013-09-30 21:04:31-Cập nhật Cafe đá có 2 
		2013-09-30 21:04:32-Cập nhật Cafe đá có 3 
		2013-09-30 21:04:36-Cập nhật Lipton đá có 2 
		2013-09-30 21:04:36-Thêm 1 Lipton đá 
		2013-09-30 21:04:41-Thêm 1 Cafe sữa đá 
		2013-09-30 21:38:19-In phiếu 
		2013-09-30 21:55:04-Khách tính tiền 
	SV: 21 
		2013-09-30 07:51:45-Có khách vào 
		2013-09-30 07:59:20-Cập nhật Cafe đá có 2 
		2013-09-30 08:17:39-In phiếu 
		2013-09-30 08:17:53-Khách tính tiền 
		2013-09-30 15:52:19-Có khách vào 
		2013-09-30 15:52:23-Thêm 1 Cafe đá 
		2013-09-30 15:56:26-In phiếu 
		2013-09-30 15:56:41-Khách tính tiền 
		2013-09-30 17:52:33-Có khách vào 
		2013-09-30 17:52:37-Thêm 1 Cafe đá 
		2013-09-30 17:52:38-Cập nhật Cafe đá có 3 
		2013-09-30 17:52:38-Cập nhật Cafe đá có 2 
		2013-09-30 17:52:42-Thêm 1 Chanh dây (có hạt) 
		2013-09-30 19:09:13-In phiếu 
		2013-09-30 19:11:11-Khách tính tiền 
		2013-09-30 19:20:12-Có khách vào 
		2013-09-30 19:20:18-Thêm 1 Lipton đá 
		2013-09-30 19:20:24-Thêm 1 Rau má dừa 
		2013-09-30 19:20:24-Cập nhật Rau má dừa có 2 
		2013-09-30 21:17:36-In phiếu 
		2013-09-30 21:17:48-Khách tính tiền 
	SV: 22 
		2013-09-30 07:08:30-Có khách vào 
		2013-09-30 07:08:34-Cập nhật Cafe đá có 2 
		2013-09-30 10:14:26-In phiếu 
		2013-09-30 10:14:32-Khách tính tiền 
		2013-09-30 18:08:18-Có khách vào 
		2013-09-30 18:08:24-Thêm 1 Cafe đá 
		2013-09-30 18:08:30-Thêm 1 Trà đường đá 
		2013-09-30 18:28:51-Cập nhật Cafe đá có 2 
		2013-09-30 18:43:41-Thêm 1 sinh tố bơ 
		2013-09-30 19:31:38-In phiếu 
		2013-09-30 19:33:08-Khách tính tiền 
		2013-09-30 20:11:35-Có khách vào 
		2013-09-30 20:11:43-Thêm 1 Sting dâu 
		2013-09-30 20:11:51-Thêm 1 Pepsi  
		2013-09-30 20:30:44-Thêm 1 Cafe đá 
		2013-09-30 21:28:09-In phiếu 
		2013-09-30 21:30:11-Khách tính tiền 
	SV: 23 
		2013-09-30 07:16:31-Có khách vào 
		2013-09-30 07:30:29-In phiếu 
		2013-09-30 07:30:35-Khách tính tiền 
		2013-09-30 07:48:24-Cập nhật Cafe đá có 2 
		2013-09-30 08:47:16-In phiếu 
		2013-09-30 08:47:22-Khách tính tiền 
		2013-09-30 19:18:07-Có khách vào 
		2013-09-30 19:18:10-Thêm 1 Cafe đá 
		2013-09-30 21:38:25-In phiếu 
		2013-09-30 21:57:48-Khách tính tiền 
	PL: 01 
		2013-09-30 09:57:45-Có khách vào 
		2013-09-30 09:57:48-Thêm 1 Cafe đá 
		2013-09-30 11:02:51-Cập nhật Cafe đá có 2 
		2013-09-30 11:23:51-In phiếu 
		2013-09-30 11:23:56-Khách tính tiền 
		2013-09-30 12:30:05-Có khách vào 
		2013-09-30 12:30:08-Thêm 1 Cafe đá 
		2013-09-30 13:48:46-In phiếu 
		2013-09-30 13:48:51-Khách tính tiền 
		2013-09-30 13:56:08-Có khách vào 
		2013-09-30 13:56:13-Thêm 1 Pepsi  
		2013-09-30 17:27:46-In phiếu 
		2013-09-30 17:38:31-Khách tính tiền 
		2013-09-30 18:40:50-Có khách vào 
		2013-09-30 18:40:53-Thêm 1 Cafe đá 
		2013-09-30 18:43:31-Thêm 1 Number one 
		2013-09-30 20:06:44-In phiếu 
		2013-09-30 20:08:06-Khách tính tiền 
	PL: 02 
		2013-09-30 07:03:20-Có khách vào 
		2013-09-30 07:03:27-Cập nhật Cafe đá có 2 
		2013-09-30 08:46:00-In phiếu 
		2013-09-30 08:46:04-Khách tính tiền 
		2013-09-30 08:55:11-Có khách vào 
		2013-09-30 09:00:29-Cập nhật Cafe sữa đá có 2 
		2013-09-30 09:00:29-Thêm 1 Cafe sữa đá 
		2013-09-30 09:57:17-In phiếu 
		2013-09-30 09:57:25-Khách tính tiền 
		2013-09-30 11:49:57-Có khách vào 
		2013-09-30 11:50:01-Thêm 1 Sting dâu 
		2013-09-30 12:05:19-In phiếu 
		2013-09-30 12:07:42-Khách tính tiền 
		2013-09-30 12:08:25-Có khách vào 
		2013-09-30 12:08:34-Thêm 1 Pepsi  
		2013-09-30 12:08:40-Thêm 1 Yaoua sữa đá 
		2013-09-30 12:58:01-In phiếu 
		2013-09-30 12:58:37-Thêm 1 Cafe đá 
		2013-09-30 12:58:41-In phiếu 
		2013-09-30 12:59:03-Khách tính tiền 
		2013-09-30 13:16:29-Có khách vào 
		2013-09-30 13:16:34-Thêm 1 Cafe đá 
		2013-09-30 13:16:46-Thêm 1 Đậu nành 
		2013-09-30 13:16:52-Thêm 1 Rau má thường 
		2013-09-30 13:31:46-Thêm 1 555 (điếu) 
		2013-09-30 13:31:46-Cập nhật 555 (điếu) có 2 
		2013-09-30 14:15:13-In phiếu 
		2013-09-30 14:16:16-Khách tính tiền 
		2013-09-30 14:49:50-Có khách vào 
		2013-09-30 14:49:54-Thêm 1 Cafe đá 
		2013-09-30 16:50:27-In phiếu 
		2013-09-30 16:50:55-Thêm 1 Mèo tép 
		2013-09-30 17:14:58-Khách tính tiền 
		2013-09-30 17:53:05-Có khách vào 
		2013-09-30 17:53:07-Thêm 1 Cafe đá 
		2013-09-30 17:53:11-Thêm 1 sinh tố bơ 
		2013-09-30 18:54:52-In phiếu 
		2013-09-30 18:54:55-Khách tính tiền 
		2013-09-30 19:26:48-Có khách vào 
		2013-09-30 19:26:54-Thêm 1 Cafe sữa đá 
		2013-09-30 19:26:58-Thêm 1 Yaoua hủ 
		2013-09-30 21:37:38-In phiếu 
		2013-09-30 21:40:12-Khách tính tiền 
	PL: 03 
		2013-09-30 08:41:46-Có khách vào 
		2013-09-30 08:57:26-In phiếu 
		2013-09-30 09:33:00-In phiếu 
		2013-09-30 09:33:16-Khách tính tiền 
		2013-09-30 09:51:26-Có khách vào 
		2013-09-30 09:51:30-Thêm 1 Cam vắt đá 
		2013-09-30 09:55:10-Thêm 1 Cafe sữa đá 
		2013-09-30 10:02:40-Cập nhật Cafe sữa đá có 2 
		2013-09-30 11:17:35-In phiếu 
		2013-09-30 11:17:43-Khách tính tiền 
		2013-09-30 11:28:37-Có khách vào 
		2013-09-30 11:28:46-Thêm 1 Chanh dây (có hạt) 
		2013-09-30 11:32:28-Thêm 1 Dừa lạnh 
		2013-09-30 12:08:06-Có khách vào 
		2013-09-30 12:08:13-Thêm 1 Cafe đá 
		2013-09-30 12:08:16-Thêm 1 Cafe sữa đá 
		2013-09-30 12:20:18-Cập nhật Cafe đá có 2 
		2013-09-30 12:45:23-In phiếu 
		2013-09-30 12:45:33-Khách tính tiền 
		2013-09-30 12:45:48-Xóa nhật kí 2013-09-30 12:08:06 
		2013-09-30 12:45:54-Có khách vào 
		2013-09-30 12:45:58-Thêm 1 Cafe đá 
		2013-09-30 12:46:02-Thêm 1 Cafe sữa đá 
		2013-09-30 12:46:08-In phiếu 
		2013-09-30 12:47:11-Khách tính tiền 
		2013-09-30 13:00:43-Xóa chi tiết Dừa đá số lượng 0 
		2013-09-30 14:19:21-In phiếu 
		2013-09-30 14:21:46-Khách tính tiền 
		2013-09-30 14:34:33-Có khách vào 
		2013-09-30 14:34:39-Thêm 1 Cafe đá 
		2013-09-30 14:34:39-Cập nhật Cafe đá có 2 
		2013-09-30 14:45:59-In phiếu 
		2013-09-30 15:39:18-Khách tính tiền 
		2013-09-30 15:43:11-Có khách vào 
		2013-09-30 15:43:15-Thêm 1 Dr.Thanh 
		2013-09-30 15:43:21-In phiếu 
		2013-09-30 15:43:36-Khách tính tiền 
		2013-09-30 17:05:08-Có khách vào 
		2013-09-30 17:05:17-Thêm 1 Yaoua sữa đá 
		2013-09-30 17:05:27-Thêm 1 Dừa lạnh 
		2013-09-30 17:05:29-Cập nhật Dừa lạnh có 2 
		2013-09-30 17:05:31-Cập nhật Dừa lạnh có 3 
		2013-09-30 17:05:33-Cập nhật Dừa lạnh có 1 
		2013-09-30 17:05:33-Cập nhật Dừa lạnh có 2 
		2013-09-30 17:51:47-In phiếu 
		2013-09-30 17:51:55-Khách tính tiền 
		2013-09-30 18:27:50-Có khách vào 
		2013-09-30 18:27:53-Thêm 1 Dr.Thanh 
		2013-09-30 18:27:56-Thêm 1 Mèo tép 
		2013-09-30 18:54:49-In phiếu 
		2013-09-30 18:54:56-Khách tính tiền 
		2013-09-30 18:58:27-Có khách vào 
		2013-09-30 18:58:30-Thêm 1 Lipton mật ong 
		2013-09-30 18:58:35-Thêm 1 Yaoua sữa đá 
		2013-09-30 18:58:39-Thêm 1 Sting dâu 
		2013-09-30 18:58:42-Thêm 1 Đậu nành 
		2013-09-30 19:09:32-Có khách vào 
		2013-09-30 19:09:34-Thêm 1 Cafe đá 
		2013-09-30 19:09:40-Thêm 1 Chanh tươi đá 
		2013-09-30 19:22:54-Thêm 1 Mèo tép 
		2013-09-30 19:36:28-In phiếu 
		2013-09-30 19:37:06-Khách tính tiền 
		2013-09-30 19:58:33-Thêm 1 Cam vắt đá 
		2013-09-30 19:58:37-Thêm 1 Lipton đá 
		2013-09-30 21:02:04-In phiếu 
		2013-09-30 21:02:54-Khách tính tiền 
	PL: 04 
		2013-09-30 06:41:42-In phiếu 
		2013-09-30 06:41:47-Khách tính tiền 
		2013-09-30 07:03:49-Có khách vào 
		2013-09-30 08:29:11-In phiếu 
		2013-09-30 08:29:32-Khách tính tiền 
		2013-09-30 08:41:29-Có khách vào 
		2013-09-30 08:51:32-Cập nhật Cafe đá có 2 
		2013-09-30 10:00:59-In phiếu 
		2013-09-30 10:01:09-Khách tính tiền 
		2013-09-30 10:20:43-Có khách vào 
		2013-09-30 10:20:47-Thêm 1 Cafe đá 
		2013-09-30 10:20:47-Cập nhật Cafe đá có 2 
		2013-09-30 10:27:06-Thêm 1 Trà đường đá 
		2013-09-30 10:43:10-In phiếu 
		2013-09-30 10:43:13-Khách tính tiền 
		2013-09-30 11:26:32-Có khách vào 
		2013-09-30 11:26:35-Thêm 1 Mèo tép 
		2013-09-30 13:05:58-Thêm 1 Cafe đá 
		2013-09-30 13:20:47-Thêm 1 Lipton đá 
		2013-09-30 14:03:11-In phiếu 
		2013-09-30 14:21:55-In phiếu 
		2013-09-30 14:22:17-Khách tính tiền 
		2013-09-30 15:44:32-Có khách vào 
		2013-09-30 15:44:38-Thêm 1 Lipton đá 
		2013-09-30 16:07:09-Cập nhật Lipton đá có 2 
		2013-09-30 21:37:45-In phiếu 
		2013-09-30 21:57:45-Khách tính tiền 
	PL: 05 
		2013-09-30 07:40:58-Có khách vào 
		2013-09-30 09:32:31-In phiếu 
		2013-09-30 09:32:38-Khách tính tiền 
		2013-09-30 09:40:13-Có khách vào 
		2013-09-30 09:40:16-Thêm 1 Cafe đá 
		2013-09-30 09:40:22-Thêm 1 bơ dầm 
		2013-09-30 10:47:31-In phiếu 
		2013-09-30 10:47:53-Khách tính tiền 
		2013-09-30 11:28:51-Có khách vào 
		2013-09-30 11:28:56-Thêm 1 Sting dâu 
		2013-09-30 13:21:02-In phiếu 
		2013-09-30 13:21:12-Khách tính tiền 
		2013-09-30 13:32:30-Có khách vào 
		2013-09-30 13:32:34-Thêm 1 Cafe đá 
		2013-09-30 13:38:15-Cập nhật Cafe đá có 2 
		2013-09-30 16:26:12-In phiếu 
		2013-09-30 16:28:07-Khách tính tiền 
		2013-09-30 18:34:45-Có khách vào 
		2013-09-30 18:34:48-Thêm 1 Đá me 
		2013-09-30 18:44:43-Thêm 1 Lipton đá 
		2013-09-30 21:37:53-In phiếu 
		2013-09-30 21:40:11-Khách tính tiền 
	PL: 06 
		2013-09-30 10:45:19-Có khách vào 
		2013-09-30 10:45:22-Thêm 1 Cafe đá 
		2013-09-30 11:53:03-In phiếu 
		2013-09-30 11:53:07-Khách tính tiền 
		2013-09-30 12:19:59-Có khách vào 
		2013-09-30 12:20:03-Thêm 1 sinh tố bơ 
		2013-09-30 12:20:06-Thêm 1 555 (điếu) 
		2013-09-30 12:26:20-Cập nhật 555 (điếu) có 2 
		2013-09-30 12:26:39-In phiếu 
		2013-09-30 12:27:51-Khách tính tiền 
		2013-09-30 13:05:42-Có khách vào 
		2013-09-30 13:05:45-Thêm 1 Cafe đá 
		2013-09-30 13:29:59-Thêm 1 555 (điếu) 
		2013-09-30 13:30:00-Cập nhật 555 (điếu) có 2 
		2013-09-30 13:31:34-Xóa chi tiết 555 (điếu) số lượng 2 
		2013-09-30 13:37:27-In phiếu 
		2013-09-30 13:37:32-Khách tính tiền 
		2013-09-30 13:37:34-Có khách vào 
		2013-09-30 13:37:38-Thêm 1 C2 
		2013-09-30 13:50:45-In phiếu 
		2013-09-30 13:52:10-Khách tính tiền 
		2013-09-30 14:49:36-Có khách vào 
		2013-09-30 14:49:42-Thêm 1 Cafe đá 
		2013-09-30 16:07:29-In phiếu 
		2013-09-30 16:07:35-Khách tính tiền 
		2013-09-30 16:07:39-Có khách vào 
		2013-09-30 16:07:44-Thêm 1 Cafe đá 
		2013-09-30 16:16:46-Có khách vào 
		2013-09-30 16:16:51-Thêm 1 Cafe đá 
		2013-09-30 16:39:05-In phiếu 
		2013-09-30 16:40:50-Khách tính tiền 
		2013-09-30 18:26:42-Có khách vào 
		2013-09-30 18:26:45-Thêm 1 Cafe đá 
		2013-09-30 18:31:44-Thêm 1 Mèo tép 
		2013-09-30 18:50:12-In phiếu 
		2013-09-30 18:50:18-Khách tính tiền 
		2013-09-30 19:14:23-Có khách vào 
		2013-09-30 19:14:25-Thêm 1 Cafe đá 
		2013-09-30 19:41:01-Có khách vào 
		2013-09-30 19:41:05-Thêm 1 Cafe sữa đá 
		2013-09-30 21:27:55-In phiếu 
		2013-09-30 21:28:00-Khách tính tiền 
	PL: 07 
		2013-09-30 08:39:01-Có khách vào 
		2013-09-30 09:31:31-Cập nhật Cafe đá có 2 
		2013-09-30 09:59:28-Thêm 1 C2 
		2013-09-30 10:13:57-In phiếu 
		2013-09-30 10:14:05-Khách tính tiền 
		2013-09-30 11:11:34-Có khách vào 
		2013-09-30 11:11:37-Thêm 1 Cafe đá 
		2013-09-30 11:50:24-In phiếu 
		2013-09-30 11:50:27-Khách tính tiền 
		2013-09-30 11:53:38-Có khách vào 
		2013-09-30 11:53:42-Thêm 1 Sting dâu 
		2013-09-30 12:10:16-Cập nhật 555 (điếu) có 2 
		2013-09-30 12:10:16-Thêm 1 555 (điếu) 
		2013-09-30 12:10:17-Cập nhật 555 (điếu) có 3 
		2013-09-30 12:24:30-In phiếu 
		2013-09-30 12:26:07-Khách tính tiền 
		2013-09-30 13:00:16-In phiếu 
		2013-09-30 13:00:25-Khách tính tiền 
		2013-09-30 13:07:48-Có khách vào 
		2013-09-30 13:07:52-Thêm 1 Cafe đá 
		2013-09-30 13:07:52-Cập nhật Cafe đá có 2 
		2013-09-30 13:08:01-Thêm 1 Lipton đá 
		2013-09-30 13:08:01-Cập nhật Lipton đá có 2 
		2013-09-30 13:09:36-In phiếu 
		2013-09-30 13:09:44-Khách tính tiền 
		2013-09-30 13:50:11-Có khách vào 
		2013-09-30 13:50:14-Thêm 1 Lipton đá 
		2013-09-30 14:08:40-In phiếu 
		2013-09-30 14:08:58-Khách tính tiền 
		2013-09-30 14:34:48-Có khách vào 
		2013-09-30 14:34:51-Thêm 1 Cafe đá 
		2013-09-30 16:09:05-Thêm 1 Rau má dừa 
		2013-09-30 16:10:05-Xóa chi tiết Cafe đá số lượng 1 
		2013-09-30 16:10:16-Thêm 1 Dừa lạnh 
		2013-09-30 16:50:13-In phiếu 
		2013-09-30 16:51:02-Khách tính tiền 
		2013-09-30 17:38:17-Có khách vào 
		2013-09-30 17:38:25-Thêm 1 Yaoua sữa đá 
		2013-09-30 17:52:21-Thêm 1 Cafe sữa đá 
		2013-09-30 18:33:54-In phiếu 
		2013-09-30 18:34:25-Khách tính tiền 
		2013-09-30 18:52:05-Có khách vào 
		2013-09-30 18:53:17-Thêm 1 Cafe đá 
		2013-09-30 18:53:21-Thêm 1 sinh tố bơ 
		2013-09-30 18:53:24-Thêm 1 sinh tố dâu 
		2013-09-30 18:53:26-Thêm 1 sinh tố mãng cầu 
		2013-09-30 19:07:54-Cập nhật sinh tố dâu có 2 
		2013-09-30 19:45:33-In phiếu 
		2013-09-30 19:46:47-Khách tính tiền 
	PL: 08 
		2013-09-30 09:51:12-Có khách vào 
		2013-09-30 09:51:14-Thêm 1 Cafe đá 
		2013-09-30 10:12:49-Cập nhật Cafe đá có 2 
		2013-09-30 10:14:20-Cập nhật Cafe đá có 3 
		2013-09-30 10:39:09-Thêm 1 Lipton đá 
		2013-09-30 11:01:14-In phiếu 
		2013-09-30 11:01:18-Khách tính tiền 
		2013-09-30 12:44:13-Thêm 1 Ca cao sữa đá 
		2013-09-30 12:44:17-Cập nhật Dừa lạnh có 2 
		2013-09-30 14:03:19-In phiếu 
		2013-09-30 14:04:10-Khách tính tiền 
		2013-09-30 15:39:33-Có khách vào 
		2013-09-30 15:39:36-Thêm 1 Cafe đá 
		2013-09-30 15:39:41-In phiếu 
		2013-09-30 15:40:01-Khách tính tiền 
		2013-09-30 15:41:43-Có khách vào 
		2013-09-30 15:41:49-Thêm 1 Lipton đá 
		2013-09-30 15:42:06-In phiếu 
		2013-09-30 15:43:06-Khách tính tiền 
		2013-09-30 16:11:18-Có khách vào 
		2013-09-30 16:11:25-Thêm 1 Rau má dừa 
		2013-09-30 16:11:36-Thêm 1 Lipton đá 
		2013-09-30 16:11:43-Thêm 1 Cafe sữa đá 
		2013-09-30 17:07:03-In phiếu 
		2013-09-30 17:10:27-Khách tính tiền 
		2013-09-30 19:35:56-Có khách vào 
		2013-09-30 19:35:59-Thêm 1 Yaoua sữa đá 
		2013-09-30 19:36:00-Cập nhật Yaoua sữa đá có 2 
		2013-09-30 19:53:39-Thêm 1 Mèo gói    (goi lớn) 
		2013-09-30 20:10:21-In phiếu 
		2013-09-30 20:20:47-Xóa chi tiết Mèo gói    (goi lớn) số lượng 1 
		2013-09-30 20:20:52-Khách tính tiền 
		2013-09-30 21:02:15-Có khách vào 
		2013-09-30 21:02:21-Thêm 1 Dừa lạnh 
		2013-09-30 21:38:07-In phiếu 
		2013-09-30 21:55:01-Khách tính tiền 
	PL: 09 
		2013-09-30 13:09:02-Có khách vào 
		2013-09-30 13:09:09-Thêm 1 Lipton đá 
		2013-09-30 13:09:09-Cập nhật Lipton đá có 2 
		2013-09-30 13:57:29-In phiếu 
		2013-09-30 13:58:37-In phiếu 
		2013-09-30 14:21:06-In phiếu 
		2013-09-30 14:21:41-Khách tính tiền 
		2013-09-30 18:53:41-Có khách vào 
		2013-09-30 18:53:44-Thêm 1 Cafe đá 
		2013-09-30 19:08:29-Cập nhật Cafe đá có 2 
		2013-09-30 19:08:32-Thêm 1 Cafe sữa đá 
		2013-09-30 20:23:52-In phiếu 
		2013-09-30 20:24:47-Khách tính tiền 
		2013-09-30 21:20:52-Có khách vào 
		2013-09-30 21:20:58-Thêm 1 Cam vắt đá 
		2013-09-30 21:21:02-Thêm 1 Lipton đá 
		2013-09-30 21:28:42-In phiếu 
		2013-09-30 21:29:22-Khách tính tiền 
	PL; 10 
		2013-09-30 09:35:46-Có khách vào 
		2013-09-30 09:35:49-Thêm 1 Cafe đá 
		2013-09-30 10:29:06-In phiếu 
		2013-09-30 10:29:14-Khách tính tiền 
		2013-09-30 12:23:31-Có khách vào 
		2013-09-30 12:23:34-Thêm 1 Cafe đá 
		2013-09-30 12:23:35-Cập nhật Cafe đá có 2 
		2013-09-30 12:23:38-Thêm 1 Lipton đá 
		2013-09-30 12:23:40-Cập nhật Lipton đá có 2 
		2013-09-30 13:58:08-In phiếu 
		2013-09-30 13:58:33-Khách tính tiền 
		2013-09-30 15:42:38-Có khách vào 
		2013-09-30 15:42:46-Thêm 1 sinh tố sapô chê 
		2013-09-30 15:42:51-In phiếu 
		2013-09-30 15:43:06-Khách tính tiền 
		2013-09-30 18:07:21-Có khách vào 
		2013-09-30 18:07:26-Thêm 1 Cafe đá 
		2013-09-30 19:23:32-In phiếu 
		2013-09-30 19:23:35-Khách tính tiền 
	PL: 11 
		2013-09-30 07:48:00-Có khách vào 
		2013-09-30 07:51:37-Cập nhật Cafe đá có 2 
		2013-09-30 08:24:50-In phiếu 
		2013-09-30 08:25:02-Khách tính tiền 
		2013-09-30 08:42:35-Có khách vào 
		2013-09-30 09:00:39-Thêm 1 Cafe đá 
		2013-09-30 09:11:50-Thêm 1 Dừa lạnh 
		2013-09-30 10:03:26-In phiếu 
		2013-09-30 10:03:33-Khách tính tiền 
		2013-09-30 10:37:14-Có khách vào 
		2013-09-30 10:37:17-Thêm 1 Cafe đá 
		2013-09-30 10:37:18-Cập nhật Cafe đá có 2 
		2013-09-30 10:42:40-Thêm 1 Mèo tép 
		2013-09-30 10:52:14-Cập nhật Cafe đá có 3 
		2013-09-30 11:11:16-In phiếu 
		2013-09-30 11:11:29-Khách tính tiền 
		2013-09-30 11:26:20-Có khách vào 
		2013-09-30 11:26:26-Thêm 1 Cafe đá 
		2013-09-30 11:40:01-Thêm 1 Dừa đá 
		2013-09-30 13:08:05-In phiếu 
		2013-09-30 13:09:00-Khách tính tiền 
		2013-09-30 16:12:26-Cập nhật Cafe đá có 2 
		2013-09-30 16:12:35-In phiếu 
		2013-09-30 16:13:07-Khách tính tiền 
		2013-09-30 18:43:55-Có khách vào 
		2013-09-30 18:44:06-Thêm 1 sinh tố thập cẩm 
		2013-09-30 18:44:13-Thêm 1 sinh tố cà chua 
		2013-09-30 18:44:17-Thêm 1 Nước ép thập cẩm 
		2013-09-30 19:21:07-In phiếu 
		2013-09-30 19:22:38-Khách tính tiền 
		2013-09-30 19:29:30-Thêm 1 Yaoua sữa đá 
		2013-09-30 20:19:41-In phiếu 
		2013-09-30 20:19:51-Khách tính tiền 
		2013-09-30 20:25:14-Có khách vào 
		2013-09-30 20:25:17-Thêm 1 Yaoua sữa đá 
		2013-09-30 20:25:22-Thêm 1 sinh tố bơ 
		2013-09-30 20:56:10-In phiếu 
		2013-09-30 20:56:25-Khách tính tiền 
		2013-09-30 21:52:18-Có khách vào 
		2013-09-30 21:52:24-Thêm 1 Sting dâu 
		2013-09-30 21:52:27-In phiếu 
		2013-09-30 21:59:12-Khách tính tiền 
	PL: 12 
		2013-09-30 08:45:07-Có khách vào 
		2013-09-30 08:45:10-Cập nhật Cafe đá có 2 
		2013-09-30 08:52:09-Xóa chi tiết Cafe sữa đá số lượng 1 
		2013-09-30 08:52:39-Cập nhật Cafe đá có 3 
		2013-09-30 08:52:39-Cập nhật Cafe đá có 4 
		2013-09-30 09:55:22-Cập nhật Cafe đá có 5 
		2013-09-30 10:09:21-Cập nhật Cafe đá có 4 
		2013-09-30 10:09:26-In phiếu 
		2013-09-30 10:09:46-Khách tính tiền 
		2013-09-30 10:58:11-Có khách vào 
		2013-09-30 10:58:14-Thêm 1 Cafe sữa đá 
		2013-09-30 10:58:17-Thêm 1 Chanh tươi đá 
		2013-09-30 11:29:40-In phiếu 
		2013-09-30 11:30:05-Khách tính tiền 
		2013-09-30 12:44:40-Có khách vào 
		2013-09-30 12:44:46-Thêm 1 Dừa lạnh 
		2013-09-30 12:44:50-Thêm 1 Xí muội đá 
		2013-09-30 13:15:44-In phiếu 
		2013-09-30 13:16:08-In phiếu 
		2013-09-30 13:16:15-In phiếu 
		2013-09-30 13:17:17-Khách tính tiền 
		2013-09-30 13:32:02-Có khách vào 
		2013-09-30 13:32:09-Thêm 1 Sting dâu 
		2013-09-30 13:32:12-Thêm 1 Cafe đá 
		2013-09-30 14:42:14-In phiếu 
		2013-09-30 14:43:16-Khách tính tiền 
		2013-09-30 15:41:02-Có khách vào 
		2013-09-30 15:41:09-Cập nhật Cafe sữa đá có 2 
		2013-09-30 15:41:09-Thêm 1 Cafe sữa đá 
		2013-09-30 15:41:18-In phiếu 
		2013-09-30 15:41:37-Khách tính tiền 
		2013-09-30 15:44:46-Có khách vào 
		2013-09-30 15:44:51-Thêm 1 Cafe đá 
		2013-09-30 15:46:51-Cập nhật Cafe đá có 2 
		2013-09-30 16:09:19-In phiếu 
		2013-09-30 16:10:34-Khách tính tiền 
		2013-09-30 18:50:21-Có khách vào 
		2013-09-30 18:50:24-Thêm 1 Cafe đá 
		2013-09-30 19:40:46-In phiếu 
		2013-09-30 19:40:53-Khách tính tiền 
		2013-09-30 19:43:00-Có khách vào 
		2013-09-30 19:43:03-Thêm 1 Sting dâu 
		2013-09-30 19:43:10-Thêm 1 Trà đường đá 
	PL: 13 
		2013-09-30 06:41:51-Có khách vào 
		2013-09-30 06:50:23-Cập nhật Cafe đá có 2 
		2013-09-30 07:08:00-Cập nhật Cafe đá có 3 
		2013-09-30 08:23:15-Cập nhật Cam vắt đá có 2 
		2013-09-30 08:35:27-Cập nhật Lipton đá có 2 
		2013-09-30 08:57:37-In phiếu 
		2013-09-30 08:58:33-Khách tính tiền 
		2013-09-30 09:21:19-Có khách vào 
		2013-09-30 09:21:24-Thêm 1 Mèo tép 
		2013-09-30 09:21:34-In phiếu 
		2013-09-30 09:21:51-Khách tính tiền 
		2013-09-30 09:29:01-Có khách vào 
		2013-09-30 09:29:04-Cập nhật Cafe đá có 2 
		2013-09-30 09:29:04-Thêm 1 Cafe đá 
		2013-09-30 10:07:27-In phiếu 
		2013-09-30 10:07:55-Khách tính tiền 
		2013-09-30 10:20:37-Có khách vào 
		2013-09-30 10:20:39-Thêm 1 Cafe đá 
		2013-09-30 10:20:40-Cập nhật Cafe đá có 2 
		2013-09-30 10:46:18-In phiếu 
		2013-09-30 10:47:19-Khách tính tiền 
		2013-09-30 11:43:14-Có khách vào 
		2013-09-30 11:43:17-Thêm 1 Cafe đá 
		2013-09-30 11:51:28-Cập nhật Cafe đá có 2 
		2013-09-30 12:09:18-Thêm 1 Mèo tép 
		2013-09-30 12:11:57-Cập nhật Cafe đá có 3 
		2013-09-30 12:20:34-Cập nhật Cafe đá có 4 
		2013-09-30 12:20:35-Cập nhật Cafe đá có 5 
		2013-09-30 12:35:22-Cập nhật Cafe đá có 6 
		2013-09-30 14:10:50-In phiếu 
		2013-09-30 14:11:37-Xóa chi tiết Cafe đá số lượng 6 
		2013-09-30 14:11:48-Thêm 1 Cafe đá 
		2013-09-30 14:11:49-Cập nhật Cafe đá có 2 
		2013-09-30 14:11:49-Cập nhật Cafe đá có 3 
		2013-09-30 14:11:50-Cập nhật Cafe đá có 5 
		2013-09-30 14:11:50-Cập nhật Cafe đá có 4 
		2013-09-30 14:12:03-In phiếu 
		2013-09-30 14:12:27-Khách tính tiền 
		2013-09-30 16:13:19-Có khách vào 
		2013-09-30 16:13:23-Thêm 1 Cafe đá 
		2013-09-30 16:13:29-Thêm 1 Lipton đá 
		2013-09-30 17:04:55-Thêm 1 Mèo tép 
		2013-09-30 17:05:50-Cập nhật Cafe đá có 2 
		2013-09-30 17:08:21-In phiếu 
		2013-09-30 17:15:03-Khách tính tiền 
		2013-09-30 18:14:44-Có khách vào 
		2013-09-30 18:14:47-Thêm 1 Cafe đá 
		2013-09-30 18:14:48-Cập nhật Cafe đá có 2 
		2013-09-30 18:45:18-In phiếu 
		2013-09-30 18:46:13-Khách tính tiền 
		2013-09-30 19:04:31-Có khách vào 
		2013-09-30 19:04:33-Thêm 1 Cafe đá 
		2013-09-30 19:04:34-Thêm 1 Cafe sữa đá 
		2013-09-30 20:54:04-In phiếu 
		2013-09-30 20:55:44-Khách tính tiền 
	PL: 14 
		2013-09-30 12:23:08-Có khách vào 
		2013-09-30 12:23:12-Thêm 1 Cafe đá 
		2013-09-30 13:36:12-Cập nhật Cafe đá có 2 
		2013-09-30 13:38:34-In phiếu 
		2013-09-30 13:39:51-Khách tính tiền 
		2013-09-30 13:42:14-Cập nhật Cafe đá có 2 
		2013-09-30 13:42:53-In phiếu 
		2013-09-30 13:44:14-Khách tính tiền 
		2013-09-30 13:51:19-Có khách vào 
		2013-09-30 13:51:23-Thêm 1 Cafe đá 
		2013-09-30 14:36:41-Cập nhật Cafe đá có 2 
		2013-09-30 15:43:39-In phiếu 
		2013-09-30 15:43:54-Khách tính tiền 
		2013-09-30 16:52:51-Có khách vào 
		2013-09-30 16:52:54-Thêm 1 Cafe đá 
		2013-09-30 16:52:54-Cập nhật Cafe đá có 2 
		2013-09-30 16:53:01-In phiếu 
		2013-09-30 16:54:46-Khách tính tiền 
		2013-09-30 19:06:22-Có khách vào 
		2013-09-30 19:06:27-Thêm 1 Cafe đá 
		2013-09-30 19:40:49-In phiếu 
		2013-09-30 19:40:55-Khách tính tiền 
		2013-09-30 19:51:47-Có khách vào 
		2013-09-30 19:51:52-Thêm 1 Dừa lạnh 
		2013-09-30 20:48:17-In phiếu 
		2013-09-30 20:51:25-Khách tính tiền 
	PL: 15 
		2013-09-30 07:14:53-Có khách vào 
		2013-09-30 09:17:17-In phiếu 
		2013-09-30 09:20:15-Khách tính tiền 
		2013-09-30 09:23:34-Có khách vào 
		2013-09-30 09:23:37-Thêm 1 Cafe đá 
		2013-09-30 11:10:47-In phiếu 
		2013-09-30 11:11:27-Khách tính tiền 
		2013-09-30 12:44:24-Có khách vào 
		2013-09-30 12:44:28-Thêm 1 Rau má dừa 
		2013-09-30 12:50:19-Thêm 1 Dừa lạnh 
		2013-09-30 12:58:14-In phiếu 
		2013-09-30 12:58:23-Thêm 1 Dừa đá 
		2013-09-30 12:58:25-Cập nhật Dừa đá có 0 
		2013-09-30 12:58:27-Cập nhật Dừa lạnh có 2 
		2013-09-30 13:21:17-Có khách vào 
		2013-09-30 13:21:20-Thêm 1 Cafe đá 
		2013-09-30 13:32:40-Có khách vào 
		2013-09-30 13:32:43-Thêm 1 Cafe đá 
		2013-09-30 13:40:25-Cập nhật Cafe đá có 2 
		2013-09-30 14:26:21-Xóa chi tiết Cafe đá số lượng 2 
		2013-09-30 14:26:31-Thêm 1 Cafe đá 
		2013-09-30 14:26:43-In phiếu 
		2013-09-30 14:27:02-Khách tính tiền 
		2013-09-30 16:11:09-Cập nhật Cafe đá có 2 
		2013-09-30 17:52:54-Cập nhật Cafe đá có 3 
		2013-09-30 17:52:56-Cập nhật Cafe đá có 4 
		2013-09-30 18:09:16-Cập nhật Cafe đá có 3 
		2013-09-30 18:09:17-Cập nhật Cafe đá có 2 
		2013-09-30 18:22:07-In phiếu 
		2013-09-30 18:22:26-Khách tính tiền 
		2013-09-30 18:43:47-Có khách vào 
		2013-09-30 18:43:49-Thêm 1 Cafe đá 
		2013-09-30 18:43:50-Cập nhật Cafe đá có 2 
		2013-09-30 18:44:31-Thêm 1 Lipton đá 
		2013-09-30 18:54:11-Thêm 1 Mèo tép 
		2013-09-30 19:30:02-Thêm 1 Dừa lạnh 
		2013-09-30 19:30:03-Cập nhật Dừa lạnh có 2 
		2013-09-30 19:54:58-In phiếu 
		2013-09-30 19:56:21-Khách tính tiền 
	PL: 16 
		2013-09-30 07:57:58-Có khách vào 
		2013-09-30 09:18:13-In phiếu 
		2013-09-30 09:18:21-Khách tính tiền 
		2013-09-30 09:58:30-Có khách vào 
		2013-09-30 09:58:34-Thêm 1 Cafe đá 
		2013-09-30 10:24:09-In phiếu 
		2013-09-30 10:24:12-Khách tính tiền 
		2013-09-30 12:23:19-Có khách vào 
		2013-09-30 12:23:22-Thêm 1 Cafe đá 
		2013-09-30 14:06:02-In phiếu 
		2013-09-30 14:06:05-Khách tính tiền 
		2013-09-30 15:40:04-Có khách vào 
		2013-09-30 15:40:11-Thêm 1 Cafe đá 
		2013-09-30 15:40:16-Cập nhật Cafe đá có 2 
		2013-09-30 15:40:24-Thêm 1 Dừa lạnh 
		2013-09-30 15:40:32-In phiếu 
		2013-09-30 15:40:57-Khách tính tiền 
		2013-09-30 19:28:09-Có khách vào 
		2013-09-30 19:28:15-Thêm 1 Đá me sữa  
		2013-09-30 19:28:18-Thêm 1 Rau má dừa 
		2013-09-30 19:32:58-In phiếu 
		2013-09-30 19:33:17-Khách tính tiền 
		2013-09-30 20:44:14-Có khách vào 
		2013-09-30 20:44:19-Thêm 1 Trà đường đá 
		2013-09-30 20:44:35-In phiếu 
		2013-09-30 20:45:02-Khách tính tiền 
	PL: 17 
		2013-09-30 09:18:25-Có khách vào 
		2013-09-30 09:18:29-Thêm 1 Lipton đá 
		2013-09-30 09:59:50-Thêm 1 Trà đường đá 
		2013-09-30 10:32:49-In phiếu 
		2013-09-30 10:32:58-Khách tính tiền 
		2013-09-30 11:50:33-Có khách vào 
		2013-09-30 11:50:38-Thêm 1 Yaoua dâu 
		2013-09-30 11:50:42-Thêm 1 Sữa tươi đá 
		2013-09-30 11:51:15-Thêm 1 Cam vắt đá 
		2013-09-30 12:35:45-Thêm 1 Cafe đá 
		2013-09-30 12:39:39-Thêm 1 Ca cao sữa đá 
		2013-09-30 12:39:43-Thêm 1 Dừa lạnh 
		2013-09-30 12:43:49-Xóa chi tiết Ca cao sữa đá số lượng 1 
		2013-09-30 12:43:52-Xóa chi tiết Dừa lạnh số lượng 1 
		2013-09-30 13:20:55-Có khách vào 
		2013-09-30 13:20:58-Thêm 1 Lipton đá 
		2013-09-30 13:43:36-Có khách vào 
		2013-09-30 13:43:41-Thêm 1 Lipton đá 
		2013-09-30 13:43:42-Cập nhật Lipton đá có 2 
		2013-09-30 13:43:42-Cập nhật Lipton đá có 3 
		2013-09-30 13:43:46-Thêm 1 Cafe đá 
		2013-09-30 14:12:56-Có khách vào 
		2013-09-30 14:12:59-Thêm 1 sinh tố bơ 
		2013-09-30 14:13:03-Thêm 1 sinh tố sapô chê 
		2013-09-30 14:38:18-Cập nhật sinh tố bơ có 2 
		2013-09-30 15:57:09-In phiếu 
		2013-09-30 15:59:32-Thêm 1 Dừa lạnh 
		2013-09-30 15:59:40-Khách tính tiền 
		2013-09-30 16:08:41-Có khách vào 
		2013-09-30 16:08:46-Thêm 1 Cafe đá 
		2013-09-30 16:39:16-In phiếu 
		2013-09-30 16:40:33-In phiếu 
		2013-09-30 16:40:53-Khách tính tiền 
		2013-09-30 17:37:28-Có khách vào 
		2013-09-30 17:37:31-Thêm 1 Cafe đá 
		2013-09-30 17:37:37-Thêm 1 Dừa lạnh 
		2013-09-30 18:08:11-Cập nhật Cafe đá có 2 
		2013-09-30 18:58:20-In phiếu 
		2013-09-30 18:59:04-Khách tính tiền 
		2013-09-30 19:11:30-Có khách vào 
		2013-09-30 19:11:33-Cập nhật Cafe đá có 2 
		2013-09-30 19:11:33-Thêm 1 Cafe đá 
		2013-09-30 20:41:17-Cập nhật Cafe đá có 3 
		2013-09-30 21:24:14-In phiếu 
		2013-09-30 21:24:37-Khách tính tiền 
	1 
		2013-09-30 08:31:09-Có khách vào 
		2013-09-30 08:31:14-Cập nhật Cafe đá có 2 
		2013-09-30 10:14:36-In phiếu 
		2013-09-30 10:14:42-Khách tính tiền 
		2013-09-30 18:18:35-Có khách vào 
		2013-09-30 18:18:38-Thêm 1 Cafe đá 
		2013-09-30 18:18:38-Cập nhật Cafe đá có 2 
		2013-09-30 18:22:39-In phiếu 
		2013-09-30 18:22:42-Khách tính tiền 
	10 
		2013-09-30 08:53:25-Có khách vào 
		2013-09-30 08:53:46-Cập nhật Cafe đá có 2 
		2013-09-30 08:53:47-Cập nhật Cafe đá có 1 
		2013-09-30 08:54:51-Cập nhật chi tiết Ca cao đá số lượng 1 thành 1 
		2013-09-30 08:55:13-In phiếu 
		2013-09-30 08:55:15-In phiếu 
		2013-09-30 08:55:20-Khách tính tiền 
		2013-09-30 08:55:44-Xóa chi tiết Cafe đá số lượng 1 
		2013-09-30 08:55:47-Xóa chi tiết Ca cao đá số lượng 1 
		2013-09-30 08:55:49-Xóa chi tiết Cam lon số lượng 1 
		2013-09-30 08:58:02-Có khách vào 
		2013-09-30 08:58:05-Thêm 1 Ca cao đá 
		2013-09-30 08:58:23-Xóa nhật kí 2013-09-30 08:58:02 
